<?xml version="1.0" encoding="UTF-8"?>
<!-- Generated by org.testng.reporters.JUnitXMLReporter -->
<testsuite ignored="0" hostname="IN-PG02P4VN" failures="0" tests="3" name="Default test" time="60.04" errors="0" timestamp="06 Oct 2022 11:14:05 GMT">
  <testcase classname="cucumber.api.testng.AbstractTestNGCucumberTests" name="feature" time="14.293"/>
  <testcase classname="cucumber.api.testng.AbstractTestNGCucumberTests" name="feature" time="14.048"/>
  <testcase classname="cucumber.api.testng.AbstractTestNGCucumberTests" name="feature" time="31.407"/>
</testsuite> <!-- Default test -->
